  resourcemanager.cpp
D:\ProjectFiles\Cpp\Renderer\Renderer\src\ResourceManager\resourcemanager.cpp(1,1): warning C4828: 文件包含在偏移 0xff7 处开始的字符，该字符在当前源字符集中无效(代码页 65001)。
D:\ProjectFiles\Cpp\Renderer\Renderer\src\ResourceManager\resourcemanager.cpp(1,1): warning C4828: 文件包含在偏移 0xfff 处开始的字符，该字符在当前源字符集中无效(代码页 65001)。
D:\ProjectFiles\Cpp\Renderer\Renderer\src\ResourceManager\resourcemanager.cpp(1,1): warning C4828: 文件包含在偏移 0x1000 处开始的字符，该字符在当前源字符集中无效(代码页 65001)。
D:\ProjectFiles\Cpp\Renderer\Renderer\src\ResourceManager\resourcemanager.cpp(1,1): warning C4828: 文件包含在偏移 0x1001 处开始的字符，该字符在当前源字符集中无效(代码页 65001)。
D:\ProjectFiles\Cpp\Renderer\Renderer\src\ResourceManager\resourcemanager.cpp(1,1): warning C4828: 文件包含在偏移 0x1002 处开始的字符，该字符在当前源字符集中无效(代码页 65001)。
D:\ProjectFiles\Cpp\Renderer\Renderer\src\ResourceManager\resourcemanager.cpp(1,1): warning C4828: 文件包含在偏移 0x1003 处开始的字符，该字符在当前源字符集中无效(代码页 65001)。
D:\ProjectFiles\Cpp\Renderer\Renderer\src\ResourceManager\resourcemanager.cpp(1,1): warning C4828: 文件包含在偏移 0x1004 处开始的字符，该字符在当前源字符集中无效(代码页 65001)。
D:\ProjectFiles\Cpp\Renderer\Renderer\src\ResourceManager\resourcemanager.cpp(1,1): warning C4828: 文件包含在偏移 0x1005 处开始的字符，该字符在当前源字符集中无效(代码页 65001)。
D:\ProjectFiles\Cpp\Renderer\Renderer\src\ResourceManager\resourcemanager.cpp(1,1): warning C4828: 文件包含在偏移 0x1006 处开始的字符，该字符在当前源字符集中无效(代码页 65001)。
D:\ProjectFiles\Cpp\Renderer\Renderer\src\ResourceManager\resourcemanager.cpp(1,1): warning C4828: 文件包含在偏移 0x1007 处开始的字符，该字符在当前源字符集中无效(代码页 65001)。
D:\ProjectFiles\Cpp\Renderer\Renderer\src\ResourceManager\resourcemanager.cpp(1,1): warning C4828: 文件包含在偏移 0x1008 处开始的字符，该字符在当前源字符集中无效(代码页 65001)。
D:\ProjectFiles\Cpp\Renderer\Renderer\src\ResourceManager\resourcemanager.cpp(1,1): warning C4828: 文件包含在偏移 0x1ebe 处开始的字符，该字符在当前源字符集中无效(代码页 65001)。
D:\ProjectFiles\Cpp\Renderer\Renderer\src\ResourceManager\resourcemanager.cpp(1,1): warning C4828: 文件包含在偏移 0x1ebf 处开始的字符，该字符在当前源字符集中无效(代码页 65001)。
D:\ProjectFiles\Cpp\Renderer\Renderer\src\ResourceManager\resourcemanager.cpp(1,1): warning C4828: 文件包含在偏移 0x1ec0 处开始的字符，该字符在当前源字符集中无效(代码页 65001)。
D:\ProjectFiles\Cpp\Renderer\Renderer\src\ResourceManager\resourcemanager.cpp(1,1): warning C4828: 文件包含在偏移 0x1ec6 处开始的字符，该字符在当前源字符集中无效(代码页 65001)。
D:\ProjectFiles\Cpp\Renderer\Renderer\src\ResourceManager\resourcemanager.cpp(1,1): warning C4828: 文件包含在偏移 0x1ec9 处开始的字符，该字符在当前源字符集中无效(代码页 65001)。
D:\ProjectFiles\Cpp\Renderer\Renderer\src\ResourceManager\resourcemanager.cpp(1,1): warning C4828: 文件包含在偏移 0x1f7a 处开始的字符，该字符在当前源字符集中无效(代码页 65001)。
D:\ProjectFiles\Cpp\Renderer\Renderer\src\ResourceManager\resourcemanager.cpp(1,1): warning C4828: 文件包含在偏移 0x1f80 处开始的字符，该字符在当前源字符集中无效(代码页 65001)。
D:\ProjectFiles\Cpp\Renderer\Renderer\src\ResourceManager\resourcemanager.cpp(1,1): warning C4828: 文件包含在偏移 0x1f81 处开始的字符，该字符在当前源字符集中无效(代码页 65001)。
D:\ProjectFiles\Cpp\Renderer\Renderer\src\ResourceManager\resourcemanager.cpp(1,1): warning C4828: 文件包含在偏移 0x1f84 处开始的字符，该字符在当前源字符集中无效(代码页 65001)。
D:\ProjectFiles\Cpp\Renderer\Renderer\src\ResourceManager\resourcemanager.cpp(1,1): warning C4828: 文件包含在偏移 0x1f87 处开始的字符，该字符在当前源字符集中无效(代码页 65001)。
D:\ProjectFiles\Cpp\Renderer\Renderer\src\ResourceManager\resourcemanager.cpp(1,1): warning C4828: 文件包含在偏移 0x241f 处开始的字符，该字符在当前源字符集中无效(代码页 65001)。
D:\ProjectFiles\Cpp\Renderer\Renderer\src\ResourceManager\resourcemanager.cpp(1,1): warning C4828: 文件包含在偏移 0x2420 处开始的字符，该字符在当前源字符集中无效(代码页 65001)。
D:\ProjectFiles\Cpp\Renderer\Renderer\src\ResourceManager\resourcemanager.cpp(1,1): warning C4828: 文件包含在偏移 0x2421 处开始的字符，该字符在当前源字符集中无效(代码页 65001)。
D:\ProjectFiles\Cpp\Renderer\Renderer\src\ResourceManager\resourcemanager.cpp(1,1): warning C4828: 文件包含在偏移 0x2423 处开始的字符，该字符在当前源字符集中无效(代码页 65001)。
D:\ProjectFiles\Cpp\Renderer\Renderer\src\ResourceManager\resourcemanager.cpp(1,1): warning C4828: 文件包含在偏移 0x2426 处开始的字符，该字符在当前源字符集中无效(代码页 65001)。
D:\ProjectFiles\Cpp\Renderer\Renderer\src\ResourceManager\resourcemanager.cpp(1,1): warning C4828: 文件包含在偏移 0x2427 处开始的字符，该字符在当前源字符集中无效(代码页 65001)。
D:\ProjectFiles\Cpp\Renderer\Renderer\src\ResourceManager\resourcemanager.cpp(1,1): warning C4828: 文件包含在偏移 0x242b 处开始的字符，该字符在当前源字符集中无效(代码页 65001)。
D:\ProjectFiles\Cpp\Renderer\Renderer\src\ResourceManager\resourcemanager.cpp(1,1): warning C4828: 文件包含在偏移 0x242c 处开始的字符，该字符在当前源字符集中无效(代码页 65001)。
D:\ProjectFiles\Cpp\Renderer\Renderer\src\ResourceManager\resourcemanager.cpp(1,1): warning C4828: 文件包含在偏移 0x242f 处开始的字符，该字符在当前源字符集中无效(代码页 65001)。
D:\ProjectFiles\Cpp\Renderer\Renderer\src\ResourceManager\resourcemanager.cpp(1,1): warning C4828: 文件包含在偏移 0x2961 处开始的字符，该字符在当前源字符集中无效(代码页 65001)。
D:\ProjectFiles\Cpp\Renderer\Renderer\src\ResourceManager\resourcemanager.cpp(1,1): warning C4828: 文件包含在偏移 0x2963 处开始的字符，该字符在当前源字符集中无效(代码页 65001)。
D:\ProjectFiles\Cpp\Renderer\Renderer\src\ResourceManager\resourcemanager.cpp(1,1): warning C4828: 文件包含在偏移 0x2964 处开始的字符，该字符在当前源字符集中无效(代码页 65001)。
D:\ProjectFiles\Cpp\Renderer\Renderer\src\ResourceManager\resourcemanager.cpp(1,1): warning C4828: 文件包含在偏移 0x2966 处开始的字符，该字符在当前源字符集中无效(代码页 65001)。
D:\ProjectFiles\Cpp\Renderer\Renderer\src\ResourceManager\resourcemanager.cpp(1,1): warning C4828: 文件包含在偏移 0x2968 处开始的字符，该字符在当前源字符集中无效(代码页 65001)。
D:\ProjectFiles\Cpp\Renderer\Renderer\src\ResourceManager\resourcemanager.cpp(1,1): warning C4828: 文件包含在偏移 0x2f97 处开始的字符，该字符在当前源字符集中无效(代码页 65001)。
D:\ProjectFiles\Cpp\Renderer\Renderer\src\ResourceManager\resourcemanager.cpp(1,1): warning C4828: 文件包含在偏移 0x2f98 处开始的字符，该字符在当前源字符集中无效(代码页 65001)。
D:\ProjectFiles\Cpp\Renderer\Renderer\src\ResourceManager\resourcemanager.cpp(1,1): warning C4828: 文件包含在偏移 0x2f99 处开始的字符，该字符在当前源字符集中无效(代码页 65001)。
D:\ProjectFiles\Cpp\Renderer\Renderer\src\ResourceManager\resourcemanager.cpp(1,1): warning C4828: 文件包含在偏移 0x2f9b 处开始的字符，该字符在当前源字符集中无效(代码页 65001)。
D:\ProjectFiles\Cpp\Renderer\Renderer\src\ResourceManager\resourcemanager.cpp(1,1): warning C4828: 文件包含在偏移 0x2f9e 处开始的字符，该字符在当前源字符集中无效(代码页 65001)。
D:\ProjectFiles\Cpp\Renderer\Renderer\src\ResourceManager\resourcemanager.cpp(1,1): warning C4828: 文件包含在偏移 0x2f9f 处开始的字符，该字符在当前源字符集中无效(代码页 65001)。
D:\ProjectFiles\Cpp\Renderer\Renderer\src\ResourceManager\resourcemanager.cpp(1,1): warning C4828: 文件包含在偏移 0x2fa0 处开始的字符，该字符在当前源字符集中无效(代码页 65001)。
D:\ProjectFiles\Cpp\Renderer\Renderer\src\ResourceManager\resourcemanager.cpp(1,1): warning C4828: 文件包含在偏移 0x2fa3 处开始的字符，该字符在当前源字符集中无效(代码页 65001)。
D:\ProjectFiles\Cpp\Renderer\Renderer\src\ResourceManager\resourcemanager.cpp(1,1): warning C4828: 文件包含在偏移 0x2fa4 处开始的字符，该字符在当前源字符集中无效(代码页 65001)。
D:\ProjectFiles\Cpp\Renderer\Renderer\src\ResourceManager\resourcemanager.cpp(1,1): warning C4828: 文件包含在偏移 0x2fa7 处开始的字符，该字符在当前源字符集中无效(代码页 65001)。
D:\ProjectFiles\Cpp\Renderer\Renderer\src\ResourceManager\resourcemanager.cpp(1,1): warning C4828: 文件包含在偏移 0x3149 处开始的字符，该字符在当前源字符集中无效(代码页 65001)。
D:\ProjectFiles\Cpp\Renderer\Renderer\src\ResourceManager\resourcemanager.cpp(1,1): warning C4828: 文件包含在偏移 0x314a 处开始的字符，该字符在当前源字符集中无效(代码页 65001)。
D:\ProjectFiles\Cpp\Renderer\Renderer\src\ResourceManager\resourcemanager.cpp(1,1): warning C4828: 文件包含在偏移 0x314d 处开始的字符，该字符在当前源字符集中无效(代码页 65001)。
D:\ProjectFiles\Cpp\Renderer\Renderer\src\ResourceManager\resourcemanager.cpp(1,1): warning C4828: 文件包含在偏移 0x314e 处开始的字符，该字符在当前源字符集中无效(代码页 65001)。
D:\ProjectFiles\Cpp\Renderer\Renderer\src\ResourceManager\resourcemanager.cpp(1,1): warning C4828: 文件包含在偏移 0x3150 处开始的字符，该字符在当前源字符集中无效(代码页 65001)。
D:\ProjectFiles\Cpp\Renderer\Renderer\src\ResourceManager\resourcemanager.cpp(1,1): warning C4828: 文件包含在偏移 0x3152 处开始的字符，该字符在当前源字符集中无效(代码页 65001)。
D:\ProjectFiles\Cpp\Renderer\Renderer\src\ResourceManager\resourcemanager.cpp(1,1): warning C4828: 文件包含在偏移 0x3155 处开始的字符，该字符在当前源字符集中无效(代码页 65001)。
D:\ProjectFiles\Cpp\Renderer\Renderer\src\ResourceManager\resourcemanager.cpp(1,1): warning C4828: 文件包含在偏移 0x3156 处开始的字符，该字符在当前源字符集中无效(代码页 65001)。
D:\ProjectFiles\Cpp\Renderer\Renderer\src\ResourceManager\resourcemanager.cpp(1,1): warning C4828: 文件包含在偏移 0x315a 处开始的字符，该字符在当前源字符集中无效(代码页 65001)。
D:\ProjectFiles\Cpp\Renderer\Renderer\src\ResourceManager\resourcemanager.cpp(1,1): warning C4828: 文件包含在偏移 0x315b 处开始的字符，该字符在当前源字符集中无效(代码页 65001)。
D:\ProjectFiles\Cpp\Renderer\Renderer\src\ResourceManager\resourcemanager.cpp(1,1): warning C4828: 文件包含在偏移 0x315c 处开始的字符，该字符在当前源字符集中无效(代码页 65001)。
D:\ProjectFiles\Cpp\Renderer\Renderer\src\ResourceManager\resourcemanager.cpp(1,1): warning C4828: 文件包含在偏移 0x315d 处开始的字符，该字符在当前源字符集中无效(代码页 65001)。
D:\ProjectFiles\Cpp\Renderer\Renderer\src\ResourceManager\resourcemanager.cpp(1,1): warning C4828: 文件包含在偏移 0x315e 处开始的字符，该字符在当前源字符集中无效(代码页 65001)。
D:\ProjectFiles\Cpp\Renderer\Renderer\src\ResourceManager\resourcemanager.cpp(1,1): warning C4828: 文件包含在偏移 0x3160 处开始的字符，该字符在当前源字符集中无效(代码页 65001)。
D:\ProjectFiles\Cpp\Renderer\Renderer\src\ResourceManager\resourcemanager.cpp(1,1): warning C4828: 文件包含在偏移 0x3163 处开始的字符，该字符在当前源字符集中无效(代码页 65001)。
D:\ProjectFiles\Cpp\Renderer\Renderer\src\ResourceManager\resourcemanager.cpp(1,1): warning C4828: 文件包含在偏移 0x3165 处开始的字符，该字符在当前源字符集中无效(代码页 65001)。
D:\ProjectFiles\Cpp\Renderer\Renderer\src\ResourceManager\resourcemanager.cpp(1,1): warning C4828: 文件包含在偏移 0x3167 处开始的字符，该字符在当前源字符集中无效(代码页 65001)。
D:\ProjectFiles\Cpp\Renderer\Renderer\src\ResourceManager\resourcemanager.cpp(1,1): warning C4828: 文件包含在偏移 0x3168 处开始的字符，该字符在当前源字符集中无效(代码页 65001)。
D:\ProjectFiles\Cpp\Renderer\Renderer\src\ResourceManager\resourcemanager.cpp(1,1): warning C4828: 文件包含在偏移 0x3169 处开始的字符，该字符在当前源字符集中无效(代码页 65001)。
D:\ProjectFiles\Cpp\Renderer\Renderer\src\ResourceManager\resourcemanager.cpp(1,1): warning C4828: 文件包含在偏移 0x316a 处开始的字符，该字符在当前源字符集中无效(代码页 65001)。
D:\ProjectFiles\Cpp\Renderer\Renderer\src\ResourceManager\resourcemanager.cpp(1,1): warning C4828: 文件包含在偏移 0x316e 处开始的字符，该字符在当前源字符集中无效(代码页 65001)。
D:\ProjectFiles\Cpp\Renderer\Renderer\src\ResourceManager\resourcemanager.cpp(1,1): warning C4828: 文件包含在偏移 0x316f 处开始的字符，该字符在当前源字符集中无效(代码页 65001)。
D:\ProjectFiles\Cpp\Renderer\Renderer\src\ResourceManager\resourcemanager.cpp(1,1): warning C4828: 文件包含在偏移 0x3173 处开始的字符，该字符在当前源字符集中无效(代码页 65001)。
D:\ProjectFiles\Cpp\Renderer\Renderer\src\ResourceManager\resourcemanager.cpp(1,1): warning C4828: 文件包含在偏移 0x3176 处开始的字符，该字符在当前源字符集中无效(代码页 65001)。
D:\ProjectFiles\Cpp\Renderer\Renderer\src\ResourceManager\resourcemanager.cpp(1,1): warning C4828: 文件包含在偏移 0x317b 处开始的字符，该字符在当前源字符集中无效(代码页 65001)。
D:\ProjectFiles\Cpp\Renderer\Renderer\src\ResourceManager\resourcemanager.cpp(1,1): warning C4828: 文件包含在偏移 0x317c 处开始的字符，该字符在当前源字符集中无效(代码页 65001)。
D:\ProjectFiles\Cpp\Renderer\Renderer\src\ResourceManager\resourcemanager.cpp(1,1): warning C4828: 文件包含在偏移 0x317d 处开始的字符，该字符在当前源字符集中无效(代码页 65001)。
D:\ProjectFiles\Cpp\Renderer\Renderer\src\ResourceManager\resourcemanager.cpp(1,1): warning C4828: 文件包含在偏移 0x317e 处开始的字符，该字符在当前源字符集中无效(代码页 65001)。
D:\ProjectFiles\Cpp\Renderer\Renderer\src\ResourceManager\resourcemanager.cpp(1,1): warning C4828: 文件包含在偏移 0x3181 处开始的字符，该字符在当前源字符集中无效(代码页 65001)。
D:\ProjectFiles\Cpp\Renderer\Renderer\src\ResourceManager\resourcemanager.cpp(1,1): warning C4828: 文件包含在偏移 0x3183 处开始的字符，该字符在当前源字符集中无效(代码页 65001)。
D:\ProjectFiles\Cpp\Renderer\Renderer\src\ResourceManager\resourcemanager.cpp(1,1): warning C4828: 文件包含在偏移 0x3184 处开始的字符，该字符在当前源字符集中无效(代码页 65001)。
D:\ProjectFiles\Cpp\Renderer\Renderer\src\ResourceManager\resourcemanager.cpp(1,1): warning C4828: 文件包含在偏移 0x3185 处开始的字符，该字符在当前源字符集中无效(代码页 65001)。
D:\ProjectFiles\Cpp\Renderer\Renderer\src\ResourceManager\resourcemanager.cpp(1,1): warning C4828: 文件包含在偏移 0x3187 处开始的字符，该字符在当前源字符集中无效(代码页 65001)。
D:\ProjectFiles\Cpp\Renderer\Renderer\src\ResourceManager\resourcemanager.cpp(1,1): warning C4828: 文件包含在偏移 0x3189 处开始的字符，该字符在当前源字符集中无效(代码页 65001)。
  moc_MainWindow.cpp
  moc_openglwidget.cpp
  Renderer.vcxproj -> D:\ProjectFiles\Cpp\Renderer\x64\Debug\Renderer.exe
